<?xml version="1.0" encoding="UTF-8"?>
<!-- Generated by org.testng.reporters.JUnitReportReporter -->
<testsuite hostname="Rajesh-IN11" name="scenarioTest.CalendarDate" tests="1" failures="0" timestamp="7 Jun 2018 10:56:42 GMT" time="1.571" errors="0">
  <testcase name="Test1" time="1.571" classname="scenarioTest.CalendarDate"/>
</testsuite> <!-- scenarioTest.CalendarDate -->
