<?xml version="1.0" encoding="UTF-8"?>
<!-- Generated by org.testng.reporters.JUnitReportReporter -->
<testsuite hostname="DESKTOP-7IJ20C2" name="com.Scenarios.Buttonsverify" tests="1" failures="0" timestamp="14 Feb 2018 13:40:10 GMT" time="0.086" errors="0">
  <testcase name="buttonverfiy" time="0.086" classname="com.Scenarios.Buttonsverify"/>
</testsuite> <!-- com.Scenarios.Buttonsverify -->
