<?xml version="1.0" encoding="UTF-8"?>
<!-- Generated by org.testng.reporters.JUnitReportReporter -->
<testsuite hostname="DESKTOP-7IJ20C2" name="com.Scenarios.SearchLinkText" tests="1" failures="0" timestamp="14 Feb 2018 13:40:21 GMT" time="0.003" errors="0">
  <testcase name="serchtext" time="0.003" classname="com.Scenarios.SearchLinkText"/>
</testsuite> <!-- com.Scenarios.SearchLinkText -->
