<?xml version="1.0" encoding="UTF-8"?>
<!-- Generated by org.testng.reporters.JUnitReportReporter -->
<testsuite hostname="DESKTOP-7IJ20C2" name="com.Scenarios.Titleverify" tests="1" failures="0" timestamp="14 Feb 2018 13:39:57 GMT" time="0.024" errors="0">
  <testcase name="Title" time="0.024" classname="com.Scenarios.Titleverify"/>
</testsuite> <!-- com.Scenarios.Titleverify -->
