<?xml version="1.0" encoding="UTF-8"?>
<!-- Generated by org.testng.reporters.JUnitReportReporter -->
<testsuite hostname="DESKTOP-7IJ20C2" name="com.Scenarios.Logout" tests="1" failures="0" timestamp="16 Jan 2018 10:40:25 GMT" time="0.001" errors="0">
  <testcase name="Logoutpage" time="0.001" classname="com.Scenarios.Logout"/>
</testsuite>
