<?xml version="1.0" encoding="UTF-8"?>
<!-- Generated by org.testng.reporters.JUnitReportReporter -->
<testsuite hostname="DESKTOP-7IJ20C2" name="com.Scenarios.Logout" tests="1" failures="0" timestamp="16 Jan 2018 15:12:51 GMT" time="0.000" errors="0">
  <testcase name="Logoutpage" time="0.000" classname="com.Scenarios.Logout"/>
</testsuite>
