<?xml version="1.0" encoding="UTF-8"?>
<!-- Generated by org.testng.reporters.JUnitReportReporter -->
<testsuite hostname="DESKTOP-7IJ20C2" name="com.Scenarios.Linkverify" tests="1" failures="0" timestamp="14 Feb 2018 12:44:51 GMT" time="0.001" errors="0">
  <testcase name="linkverify" time="0.001" classname="com.Scenarios.Linkverify"/>
</testsuite> <!-- com.Scenarios.Linkverify -->
