<?xml version="1.0" encoding="UTF-8"?>
<!-- Generated by org.testng.reporters.JUnitReportReporter -->
<testsuite hostname="DESKTOP-7IJ20C2" name="com.Scenarios.verifyScripName" tests="1" failures="0" timestamp="15 Jan 2018 09:24:34 GMT" time="0.000" errors="0">
  <testcase name="g" time="0.000" classname="com.Scenarios.verifyScripName"/>
</testsuite>
